#
# A fatal error has been detected by the Java Runtime Environment:
#
#  SIGSEGV (0xb) at pc=0x0000000103c05c27, pid=6553, tid=81155
#
# JRE version: Java(TM) SE Runtime Environment (8.0_11-b12) (build 1.8.0_11-b12)
# Java VM: Java HotSpot(TM) 64-Bit Server VM (25.11-b03 mixed mode bsd-amd64 compressed oops)
# Problematic frame:
# V  [libjvm.dylib+0x2fbc27]  Klass::is_subtype_of(Klass*) const+0x7
#
# Failed to write core dump. Core dumps have been disabled. To enable core dumping, try "ulimit -c unlimited" before starting Java again
#
# If you would like to submit a bug report, please visit:
#   http://bugreport.sun.com/bugreport/crash.jsp
#

---------------  T H R E A D  ---------------

Current thread (0x00007f864b114800):  JavaThread "LWJGL Application" [_thread_in_vm, id=81155, stack(0x000000011dc77000,0x000000011dd77000)]

siginfo:si_signo=SIGSEGV: si_errno=0, si_code=1 (SEGV_MAPERR), si_addr=0x000000001e8c7af8

Registers:
RAX=0x0000000000000018, RBX=0x00007f864ac08c98, RCX=0x0000000104168303, RDX=0x000000010415a1f0
RSP=0x000000011dd76320, RBP=0x000000011dd76320, RSI=0x00000007c003f8f0, RDI=0x000000001e8c7ae0
R8 =0x0000000000000168, R9 =0x0000000000000280, R10=0x00007f864ad13010, R11=0x00007fff7629ce30
R12=0x00007f864b1149e0, R13=0x000000011dd76528, R14=0x0000000117322120, R15=0x00007f864b1149e0
RIP=0x0000000103c05c27, EFLAGS=0x0000000000010202, ERR=0x0000000000000004
  TRAPNO=0x000000000000000e

Top of Stack: (sp=0x000000011dd76320)
0x000000011dd76320:   000000011dd76350 0000000103bf4ead
0x000000011dd76330:   00007f864b114800 0000000117322120
0x000000011dd76340:   00007f864b1149e0 00007f864b114800
0x000000011dd76350:   000000011dd76380 0000000103c035ce
0x000000011dd76360:   000000011dd76380 0000000000000000
0x000000011dd76370:   0000000000000000 0000000000000000
0x000000011dd76380:   000000011dd76410 000000011d8a822b
0x000000011dd76390:   000000011dd76400 000100e01dd764e0
0x000000011dd763a0:   0000016800000280 0000030c00000118
0x000000011dd763b0:   000000011dd76528 0000000117322120
0x000000011dd763c0:   00007f864b114800 0000000117322120
0x000000011dd763d0:   00007f864b114800 0000000117322120
0x000000011dd763e0:   0000000117322120 0000000117322120
0x000000011dd763f0:   0000000000000000 0000000117322118
0x000000011dd76400:   000000011dd76528 00007f864b114800
0x000000011dd76410:   000000011dd764b8 0000000105152b0e
0x000000011dd76420:   00007f8600000000 00007f8600000000
0x000000011dd76430:   0000000100000001 0000000100000000
0x000000011dd76440:   000000011dd764e0 0000000000000000
0x000000011dd76450:   0000000117322120 000000011dd76528
0x000000011dd76460:   000000011dd764b8 00000001051528a1
0x000000011dd76470:   000000010515285c 000000011dd76478
0x000000011dd76480:   0000000117322118 000000011dd76528
0x000000011dd76490:   0000000117328618 0000000000000000
0x000000011dd764a0:   0000000117322120 0000000000000000
0x000000011dd764b0:   000000011dd764d8 000000011dd76578
0x000000011dd764c0:   0000000105147210 0000000000000000
0x000000011dd764d0:   000000010514ec1b 0000000000000000
0x000000011dd764e0:   00000007aac0ec88 0000000000000000
0x000000011dd764f0:   0000000000000001 0000000000000000
0x000000011dd76500:   0000000000000000 0000000000000280
0x000000011dd76510:   0000000000000168 0000000000000118 

Instructions: (pc=0x0000000103c05c27)
0x0000000103c05c07:   00 00 c7 43 68 00 00 00 00 c6 43 70 00 48 83 c4
0x0000000103c05c17:   08 5b 41 5e 41 5f 5d c3 90 55 48 89 e5 8b 46 0c
0x0000000103c05c27:   48 39 34 07 75 04 b0 01 eb 0e 83 f8 18 74 04 30
0x0000000103c05c37:   c0 eb 05 e8 df d2 07 00 0f b6 c0 5d c3 90 90 55 

Register to memory mapping:

RAX=0x0000000000000018 is an unknown value
RBX=0x00007f864ac08c98 is a global jni handle
RCX=0x0000000104168303: _ZN14GenerateOopMap18_total_oopmap_timeE+0x3 in /Library/Java/JavaVirtualMachines/jdk1.8.0_11.jdk/Contents/Home/jre/lib/server/libjvm.dylib at 0x000000010390a000
RDX=0x000000010415a1f0: _ZTV6Method+0x10 in /Library/Java/JavaVirtualMachines/jdk1.8.0_11.jdk/Contents/Home/jre/lib/server/libjvm.dylib at 0x000000010390a000
RSP=0x000000011dd76320 is pointing into the stack for thread: 0x00007f864b114800
RBP=0x000000011dd76320 is pointing into the stack for thread: 0x00007f864b114800
RSI=0x00000007c003f8f0 is an unknown value
RDI=0x000000001e8c7ae0 is an unknown value
R8 =0x0000000000000168 is an unknown value
R9 =0x0000000000000280 is an unknown value
R10=0x00007f864ad13010 is an unknown value
R11=0x00007fff7629ce30: OBJC_CLASS_$_NSAutoreleasePool+0 in /System/Library/Frameworks/Foundation.framework/Versions/C/Foundation at 0x00007fff89261000
R12=0x00007f864b1149e0 is an unknown value
R13=0x000000011dd76528 is pointing into the stack for thread: 0x00007f864b114800
R14=0x0000000117322120 is an unknown value
R15=0x00007f864b1149e0 is an unknown value


Stack: [0x000000011dc77000,0x000000011dd77000],  sp=0x000000011dd76320,  free space=1020k
Native frames: (J=compiled Java code, j=interpreted, Vv=VM code, C=native code)
V  [libjvm.dylib+0x2fbc27]  Klass::is_subtype_of(Klass*) const+0x7
V  [libjvm.dylib+0x2eaead]  jni_IsInstanceOf+0x88
V  [libjvm.dylib+0x2f95ce]  jni_GetDirectBufferAddress+0x60
C  [liblwjgl.dylib+0xc22b]  Java_org_lwjgl_opengl_MacOSXDisplay_nCreateWindow+0x9b
j  org.lwjgl.opengl.MacOSXDisplay.nCreateWindow(IIIIZZZZLjava/nio/ByteBuffer;Ljava/nio/ByteBuffer;)Ljava/nio/ByteBuffer;+0
j  org.lwjgl.opengl.MacOSXDisplay.createWindow(Lorg/lwjgl/opengl/DrawableLWJGL;Lorg/lwjgl/opengl/DisplayMode;Ljava/awt/Canvas;II)V+120
j  org.lwjgl.opengl.Display.createWindow()V+71
j  org.lwjgl.opengl.Display.create(Lorg/lwjgl/opengl/PixelFormat;Lorg/lwjgl/opengl/Drawable;Lorg/lwjgl/opengl/ContextAttribs;)V+72
j  org.lwjgl.opengl.Display.create(Lorg/lwjgl/opengl/PixelFormat;)V+12
j  com.badlogic.gdx.backends.lwjgl.LwjglGraphics.createDisplayPixelFormat()V+58
j  com.badlogic.gdx.backends.lwjgl.LwjglGraphics.setupDisplay()V+382
j  com.badlogic.gdx.backends.lwjgl.LwjglApplication.mainLoop()V+9
j  com.badlogic.gdx.backends.lwjgl.LwjglApplication$1.run()V+27
v  ~StubRoutines::call_stub
V  [libjvm.dylib+0x2c5d36]  JavaCalls::call_helper(JavaValue*, methodHandle*, JavaCallArguments*, Thread*)+0x6ae
V  [libjvm.dylib+0x2c64c4]  JavaCalls::call_virtual(JavaValue*, KlassHandle, Symbol*, Symbol*, JavaCallArguments*, Thread*)+0x164
V  [libjvm.dylib+0x2c6670]  JavaCalls::call_virtual(JavaValue*, Handle, KlassHandle, Symbol*, Symbol*, Thread*)+0x4a
V  [libjvm.dylib+0x315e57]  thread_entry(JavaThread*, Thread*)+0x7c
V  [libjvm.dylib+0x51d86d]  JavaThread::thread_main_inner()+0x9b
V  [libjvm.dylib+0x51efaa]  JavaThread::run()+0x1c2
V  [libjvm.dylib+0x446026]  java_start(Thread*)+0xf6
C  [libsystem_pthread.dylib+0x1899]  _pthread_body+0x8a
C  [libsystem_pthread.dylib+0x172a]  _pthread_struct_init+0x0
C  [libsystem_pthread.dylib+0x5fc9]  thread_start+0xd

Java frames: (J=compiled Java code, j=interpreted, Vv=VM code)
j  org.lwjgl.opengl.MacOSXDisplay.nCreateWindow(IIIIZZZZLjava/nio/ByteBuffer;Ljava/nio/ByteBuffer;)Ljava/nio/ByteBuffer;+0
j  org.lwjgl.opengl.MacOSXDisplay.createWindow(Lorg/lwjgl/opengl/DrawableLWJGL;Lorg/lwjgl/opengl/DisplayMode;Ljava/awt/Canvas;II)V+120
j  org.lwjgl.opengl.Display.createWindow()V+71
j  org.lwjgl.opengl.Display.create(Lorg/lwjgl/opengl/PixelFormat;Lorg/lwjgl/opengl/Drawable;Lorg/lwjgl/opengl/ContextAttribs;)V+72
j  org.lwjgl.opengl.Display.create(Lorg/lwjgl/opengl/PixelFormat;)V+12
j  com.badlogic.gdx.backends.lwjgl.LwjglGraphics.createDisplayPixelFormat()V+58
j  com.badlogic.gdx.backends.lwjgl.LwjglGraphics.setupDisplay()V+382
j  com.badlogic.gdx.backends.lwjgl.LwjglApplication.mainLoop()V+9
j  com.badlogic.gdx.backends.lwjgl.LwjglApplication$1.run()V+27
v  ~StubRoutines::call_stub

---------------  P R O C E S S  ---------------

Java Threads: ( => current thread )
  0x00007f864b9d5800 JavaThread "DestroyJavaVM" [_thread_blocked, id=6915, stack(0x0000000105001000,0x0000000105101000)]
=>0x00007f864b114800 JavaThread "LWJGL Application" [_thread_in_vm, id=81155, stack(0x000000011dc77000,0x000000011dd77000)]
  0x00007f864b07b800 JavaThread "AWT-Shutdown" [_thread_blocked, id=27151, stack(0x000000011ae0f000,0x000000011af0f000)]
  0x00007f864c10b800 JavaThread "AppKit Thread" daemon [_thread_in_native, id=3335, stack(0x00007fff5bbf4000,0x00007fff5c3f4000)]
  0x00007f864c801000 JavaThread "Service Thread" daemon [_thread_blocked, id=19971, stack(0x00000001191a4000,0x00000001192a4000)]
  0x00007f864c050800 JavaThread "C1 CompilerThread2" daemon [_thread_blocked, id=19459, stack(0x00000001190a1000,0x00000001191a1000)]
  0x00007f864c04f800 JavaThread "C2 CompilerThread1" daemon [_thread_blocked, id=18947, stack(0x0000000118f9e000,0x000000011909e000)]
  0x00007f864c005000 JavaThread "C2 CompilerThread0" daemon [_thread_blocked, id=18435, stack(0x0000000118e9b000,0x0000000118f9b000)]
  0x00007f864b013000 JavaThread "Signal Dispatcher" daemon [_thread_blocked, id=17923, stack(0x0000000118d98000,0x0000000118e98000)]
  0x00007f864b805800 JavaThread "Finalizer" daemon [_thread_blocked, id=13059, stack(0x0000000118b49000,0x0000000118c49000)]
  0x00007f864b804800 JavaThread "Reference Handler" daemon [_thread_blocked, id=12547, stack(0x0000000118a46000,0x0000000118b46000)]

Other Threads:
  0x00007f864c80c800 VMThread [stack: 0x0000000118943000,0x0000000118a43000] [id=12035]
  0x00007f864c803000 WatcherThread [stack: 0x00000001192a7000,0x00000001193a7000] [id=20483]

VM state:not at safepoint (normal execution)

VM Mutex/Monitor currently owned by a thread: None

Heap:
 PSYoungGen      total 2560K, used 1623K [0x00000007aab00000, 0x00000007ab100000, 0x00000007c0000000)
  eden space 2048K, 55% used [0x00000007aab00000,0x00000007aac1de60,0x00000007aad00000)
  from space 512K, 93% used [0x00000007aad00000,0x00000007aad78020,0x00000007aad80000)
  to   space 1024K, 0% used [0x00000007ab000000,0x00000007ab000000,0x00000007ab100000)
 ParOldGen       total 64000K, used 940K [0x0000000780000000, 0x0000000783e80000, 0x00000007aab00000)
  object space 64000K, 1% used [0x0000000780000000,0x00000007800eb0c0,0x0000000783e80000)
 Metaspace       used 5454K, capacity 5588K, committed 5888K, reserved 1056768K
  class space    used 598K, capacity 658K, committed 768K, reserved 1048576K

Card table byte_map: [0x0000000114500000,0x0000000114701000] byte_map_base: 0x0000000110900000

Marking Bits: (ParMarkBitMap*) 0x00000001041710a0
 Begin Bits: [0x0000000114c63000, 0x0000000115c63000)
 End Bits:   [0x0000000115c63000, 0x0000000116c63000)

Polling page: 0x00000001047ef000

CodeCache: size=245760Kb used=1881Kb max_used=1881Kb free=243879Kb
 bounds [0x0000000105140000, 0x00000001053b0000, 0x0000000114140000]
 total_blobs=648 nmethods=352 adapters=212
 compilation: enabled

Compilation events (10 events):
Event: 0.911 Thread 0x00007f864c050800  346       3       java.util.concurrent.ConcurrentHashMap$Node::<init> (26 bytes)
Event: 0.911 Thread 0x00007f864c050800 nmethod 346 0x000000010530e0d0 code [0x000000010530e220, 0x000000010530e410]
Event: 0.911 Thread 0x00007f864c04f800 nmethod 345 0x00000001052f69d0 code [0x00000001052f6b00, 0x00000001052f6b78]
Event: 0.914 Thread 0x00007f864c005000  347       4       java.lang.String::equals (81 bytes)
Event: 0.919 Thread 0x00007f864c005000 nmethod 347 0x000000010530dbd0 code [0x000000010530dd20, 0x000000010530df98]
Event: 0.923 Thread 0x00007f864c04f800  349       4       java.lang.String::lastIndexOf (151 bytes)
Event: 0.931 Thread 0x00007f864c04f800 nmethod 349 0x0000000105311050 code [0x00000001053111a0, 0x0000000105311438]
Event: 0.931 Thread 0x00007f864c050800  350   !   3       java.util.zip.Inflater::ended (32 bytes)
Event: 0.932 Thread 0x00007f864c050800 nmethod 350 0x00000001053109d0 code [0x0000000105310b40, 0x0000000105310f10]
Event: 0.966 Thread 0x00007f864c050800  351   !   3       sun.misc.URLClassPath$FileLoader::getResource (164 bytes)

GC Heap History (10 events):
Event: 0.214 GC heap before
{Heap before GC invocations=1 (full 0):
 PSYoungGen      total 1024K, used 512K [0x00000007aab00000, 0x00000007aac80000, 0x00000007c0000000)
  eden space 512K, 100% used [0x00000007aab00000,0x00000007aab80000,0x00000007aab80000)
  from space 512K, 0% used [0x00000007aac00000,0x00000007aac00000,0x00000007aac80000)
  to   space 512K, 0% used [0x00000007aab80000,0x00000007aab80000,0x00000007aac00000)
 ParOldGen       total 64000K, used 0K [0x0000000780000000, 0x0000000783e80000, 0x00000007aab00000)
  object space 64000K, 0% used [0x0000000780000000,0x0000000780000000,0x0000000783e80000)
 Metaspace       used 2490K, capacity 4480K, committed 4480K, reserved 1056768K
  class space    used 269K, capacity 384K, committed 384K, reserved 1048576K
Event: 0.217 GC heap after
Heap after GC invocations=1 (full 0):
 PSYoungGen      total 1024K, used 464K [0x00000007aab00000, 0x00000007aad00000, 0x00000007c0000000)
  eden space 512K, 0% used [0x00000007aab00000,0x00000007aab00000,0x00000007aab80000)
  from space 512K, 90% used [0x00000007aab80000,0x00000007aabf4010,0x00000007aac00000)
  to   space 512K, 0% used [0x00000007aac80000,0x00000007aac80000,0x00000007aad00000)
 ParOldGen       total 64000K, used 8K [0x0000000780000000, 0x0000000783e80000, 0x00000007aab00000)
  object space 64000K, 0% used [0x0000000780000000,0x0000000780002000,0x0000000783e80000)
 Metaspace       used 2490K, capacity 4480K, committed 4480K, reserved 1056768K
  class space    used 269K, capacity 384K, committed 384K, reserved 1048576K
}
Event: 0.278 GC heap before
{Heap before GC invocations=2 (full 0):
 PSYoungGen      total 1024K, used 976K [0x00000007aab00000, 0x00000007aad00000, 0x00000007c0000000)
  eden space 512K, 100% used [0x00000007aab00000,0x00000007aab80000,0x00000007aab80000)
  from space 512K, 90% used [0x00000007aab80000,0x00000007aabf4010,0x00000007aac00000)
  to   space 512K, 0% used [0x00000007aac80000,0x00000007aac80000,0x00000007aad00000)
 ParOldGen       total 64000K, used 8K [0x0000000780000000, 0x0000000783e80000, 0x00000007aab00000)
  object space 64000K, 0% used [0x0000000780000000,0x0000000780002000,0x0000000783e80000)
 Metaspace       used 2749K, capacity 4486K, committed 4864K, reserved 1056768K
  class space    used 298K, capacity 386K, committed 512K, reserved 1048576K
Event: 0.280 GC heap after
Heap after GC invocations=2 (full 0):
 PSYoungGen      total 1536K, used 480K [0x00000007aab00000, 0x00000007aad00000, 0x00000007c0000000)
  eden space 1024K, 0% used [0x00000007aab00000,0x00000007aab00000,0x00000007aac00000)
  from space 512K, 93% used [0x00000007aac80000,0x00000007aacf8020,0x00000007aad00000)
  to   space 512K, 0% used [0x00000007aac00000,0x00000007aac00000,0x00000007aac80000)
 ParOldGen       total 64000K, used 80K [0x0000000780000000, 0x0000000783e80000, 0x00000007aab00000)
  object space 64000K, 0% used [0x0000000780000000,0x0000000780014000,0x0000000783e80000)
 Metaspace       used 2749K, capacity 4486K, committed 4864K, reserved 1056768K
  class space    used 298K, capacity 386K, committed 512K, reserved 1048576K
}
Event: 0.325 GC heap before
{Heap before GC invocations=3 (full 0):
 PSYoungGen      total 1536K, used 1504K [0x00000007aab00000, 0x00000007aad00000, 0x00000007c0000000)
  eden space 1024K, 100% used [0x00000007aab00000,0x00000007aac00000,0x00000007aac00000)
  from space 512K, 93% used [0x00000007aac80000,0x00000007aacf8020,0x00000007aad00000)
  to   space 512K, 0% used [0x00000007aac00000,0x00000007aac00000,0x00000007aac80000)
 ParOldGen       total 64000K, used 80K [0x0000000780000000, 0x0000000783e80000, 0x00000007aab00000)
  object space 64000K, 0% used [0x0000000780000000,0x0000000780014000,0x0000000783e80000)
 Metaspace       used 3067K, capacity 4728K, committed 4864K, reserved 1056768K
  class space    used 326K, capacity 424K, committed 512K, reserved 1048576K
Event: 0.329 GC heap after
Heap after GC invocations=3 (full 0):
 PSYoungGen      total 1536K, used 496K [0x00000007aab00000, 0x00000007aae00000, 0x00000007c0000000)
  eden space 1024K, 0% used [0x00000007aab00000,0x00000007aab00000,0x00000007aac00000)
  from space 512K, 96% used [0x00000007aac00000,0x00000007aac7c010,0x00000007aac80000)
  to   space 512K, 0% used [0x00000007aad80000,0x00000007aad80000,0x00000007aae00000)
 ParOldGen       total 64000K, used 246K [0x0000000780000000, 0x0000000783e80000, 0x00000007aab00000)
  object space 64000K, 0% used [0x0000000780000000,0x000000078003da20,0x0000000783e80000)
 Metaspace       used 3067K, capacity 4728K, committed 4864K, reserved 1056768K
  class space    used 326K, capacity 424K, committed 512K, reserved 1048576K
}
Event: 0.419 GC heap before
{Heap before GC invocations=4 (full 0):
 PSYoungGen      total 1536K, used 1520K [0x00000007aab00000, 0x00000007aae00000, 0x00000007c0000000)
  eden space 1024K, 100% used [0x00000007aab00000,0x00000007aac00000,0x00000007aac00000)
  from space 512K, 96% used [0x00000007aac00000,0x00000007aac7c010,0x00000007aac80000)
  to   space 512K, 0% used [0x00000007aad80000,0x00000007aad80000,0x00000007aae00000)
 ParOldGen       total 64000K, used 246K [0x0000000780000000, 0x0000000783e80000, 0x00000007aab00000)
  object space 64000K, 0% used [0x0000000780000000,0x000000078003da20,0x0000000783e80000)
 Metaspace       used 3354K, capacity 4856K, committed 5120K, reserved 1056768K
  class space    used 357K, capacity 424K, committed 512K, reserved 1048576K
Event: 0.422 GC heap after
Heap after GC invocations=4 (full 0):
 PSYoungGen      total 2560K, used 480K [0x00000007aab00000, 0x00000007aae00000, 0x00000007c0000000)
  eden space 2048K, 0% used [0x00000007aab00000,0x00000007aab00000,0x00000007aad00000)
  from space 512K, 93% used [0x00000007aad80000,0x00000007aadf8020,0x00000007aae00000)
  to   space 512K, 0% used [0x00000007aad00000,0x00000007aad00000,0x00000007aad80000)
 ParOldGen       total 64000K, used 458K [0x0000000780000000, 0x0000000783e80000, 0x00000007aab00000)
  object space 64000K, 0% used [0x0000000780000000,0x0000000780072970,0x0000000783e80000)
 Metaspace       used 3354K, capacity 4856K, committed 5120K, reserved 1056768K
  class space    used 357K, capacity 424K, committed 512K, reserved 1048576K
}
Event: 0.867 GC heap before
{Heap before GC invocations=5 (full 0):
 PSYoungGen      total 2560K, used 2517K [0x00000007aab00000, 0x00000007aae00000, 0x00000007c0000000)
  eden space 2048K, 99% used [0x00000007aab00000,0x00000007aacfd6e0,0x00000007aad00000)
  from space 512K, 93% used [0x00000007aad80000,0x00000007aadf8020,0x00000007aae00000)
  to   space 512K, 0% used [0x00000007aad00000,0x00000007aad00000,0x00000007aad80000)
 ParOldGen       total 64000K, used 458K [0x0000000780000000, 0x0000000783e80000, 0x00000007aab00000)
  object space 64000K, 0% used [0x0000000780000000,0x0000000780072970,0x0000000783e80000)
 Metaspace       used 4955K, capacity 5316K, committed 5504K, reserved 1056768K
  class space    used 546K, capacity 594K, committed 640K, reserved 1048576K
Event: 0.870 GC heap after
Heap after GC invocations=5 (full 0):
 PSYoungGen      total 2560K, used 480K [0x00000007aab00000, 0x00000007ab100000, 0x00000007c0000000)
  eden space 2048K, 0% used [0x00000007aab00000,0x00000007aab00000,0x00000007aad00000)
  from space 512K, 93% used [0x00000007aad00000,0x00000007aad78020,0x00000007aad80000)
  to   space 1024K, 0% used [0x00000007ab000000,0x00000007ab000000,0x00000007ab100000)
 ParOldGen       total 64000K, used 940K [0x0000000780000000, 0x0000000783e80000, 0x00000007aab00000)
  object space 64000K, 1% used [0x0000000780000000,0x00000007800eb0c0,0x0000000783e80000)
 Metaspace       used 4955K, capacity 5316K, committed 5504K, reserved 1056768K
  class space    used 546K, capacity 594K, committed 640K, reserved 1048576K
}

Deoptimization events (0 events):
No events

Internal exceptions (10 events):
Event: 0.921 Thread 0x00007f864b114800 Exception <a 'java/security/PrivilegedActionException'> (0x00000007aabdca88) thrown at [/HUDSON3/workspace/8-2-build-macosx-x86_64/jdk8u11/648/hotspot/src/share/vm/prims/jvm.cpp, line 1248]
Event: 0.921 Thread 0x00007f864b114800 Exception <a 'java/security/PrivilegedActionException'> (0x00000007aabe2858) thrown at [/HUDSON3/workspace/8-2-build-macosx-x86_64/jdk8u11/648/hotspot/src/share/vm/prims/jvm.cpp, line 1248]
Event: 0.922 Thread 0x00007f864b114800 Exception <a 'java/security/PrivilegedActionException'> (0x00000007aabe8a10) thrown at [/HUDSON3/workspace/8-2-build-macosx-x86_64/jdk8u11/648/hotspot/src/share/vm/prims/jvm.cpp, line 1248]
Event: 0.923 Thread 0x00007f864b114800 Exception <a 'java/security/PrivilegedActionException'> (0x00000007aabeeb40) thrown at [/HUDSON3/workspace/8-2-build-macosx-x86_64/jdk8u11/648/hotspot/src/share/vm/prims/jvm.cpp, line 1248]
Event: 0.928 Thread 0x00007f864b114800 Exception <a 'java/security/PrivilegedActionException'> (0x00000007aabf6878) thrown at [/HUDSON3/workspace/8-2-build-macosx-x86_64/jdk8u11/648/hotspot/src/share/vm/prims/jvm.cpp, line 1248]
Event: 0.929 Thread 0x00007f864b114800 Exception <a 'java/security/PrivilegedActionException'> (0x00000007aabfcb28) thrown at [/HUDSON3/workspace/8-2-build-macosx-x86_64/jdk8u11/648/hotspot/src/share/vm/prims/jvm.cpp, line 1248]
Event: 0.931 Thread 0x00007f864b114800 Exception <a 'java/security/PrivilegedActionException'> (0x00000007aac05410) thrown at [/HUDSON3/workspace/8-2-build-macosx-x86_64/jdk8u11/648/hotspot/src/share/vm/prims/jvm.cpp, line 1248]
Event: 0.932 Thread 0x00007f864b114800 Exception <a 'java/security/PrivilegedActionException'> (0x00000007aac0aa90) thrown at [/HUDSON3/workspace/8-2-build-macosx-x86_64/jdk8u11/648/hotspot/src/share/vm/prims/jvm.cpp, line 1248]
Event: 0.966 Thread 0x00007f864b114800 Exception <a 'java/security/PrivilegedActionException'> (0x00000007aac10400) thrown at [/HUDSON3/workspace/8-2-build-macosx-x86_64/jdk8u11/648/hotspot/src/share/vm/prims/jvm.cpp, line 1248]
Event: 0.968 Thread 0x00007f864b114800 Exception <a 'java/security/PrivilegedActionException'> (0x00000007aac16a28) thrown at [/HUDSON3/workspace/8-2-build-macosx-x86_64/jdk8u11/648/hotspot/src/share/vm/prims/jvm.cpp, line 1248]

Events (10 events):
Event: 0.932 loading class java/lang/Shutdown$Lock
Event: 0.932 loading class java/lang/Shutdown$Lock done
Event: 0.932 loading class org/lwjgl/opengl/Display$4
Event: 0.932 loading class org/lwjgl/opengl/Display$4 done
Event: 0.933 loading class java/awt/Container
Event: 0.935 loading class java/awt/Container done
Event: 0.966 loading class org/lwjgl/opengl/AWTSurfaceLock
Event: 0.966 loading class org/lwjgl/opengl/AWTSurfaceLock done
Event: 0.968 loading class org/lwjgl/opengl/Display$7
Event: 0.968 loading class org/lwjgl/opengl/Display$7 done


Dynamic libraries:
0x0000000005951000 	/System/Library/Frameworks/Cocoa.framework/Versions/A/Cocoa
0x0000000005951000 	/System/Library/Frameworks/Security.framework/Versions/A/Security
0x0000000005951000 	/System/Library/Frameworks/ApplicationServices.framework/Versions/A/ApplicationServices
0x0000000005951000 	/usr/lib/libz.1.dylib
0x0000000005951000 	/usr/lib/libSystem.B.dylib
0x0000000005951000 	/usr/lib/libobjc.A.dylib
0x0000000005951000 	/System/Library/Frameworks/CoreFoundation.framework/Versions/A/CoreFoundation
0x0000000005951000 	/System/Library/Frameworks/Foundation.framework/Versions/C/Foundation
0x0000000005951000 	/System/Library/Frameworks/AppKit.framework/Versions/C/AppKit
0x0000000005951000 	/System/Library/Frameworks/CoreData.framework/Versions/A/CoreData
0x0000000005951000 	/System/Library/PrivateFrameworks/RemoteViewServices.framework/Versions/A/RemoteViewServices
0x0000000005951000 	/System/Library/Frameworks/AudioToolbox.framework/Versions/A/AudioToolbox
0x0000000005951000 	/System/Library/Frameworks/AudioUnit.framework/Versions/A/AudioUnit
0x0000000005951000 	/System/Library/PrivateFrameworks/DataDetectorsCore.framework/Versions/A/DataDetectorsCore
0x0000000005951000 	/System/Library/PrivateFrameworks/DesktopServicesPriv.framework/Versions/A/DesktopServicesPriv
0x0000000005951000 	/System/Library/Frameworks/Carbon.framework/Versions/A/Frameworks/HIToolbox.framework/Versions/A/HIToolbox
0x0000000005951000 	/System/Library/Frameworks/QuartzCore.framework/Versions/A/QuartzCore
0x0000000005951000 	/System/Library/Frameworks/Carbon.framework/Versions/A/Frameworks/SpeechRecognition.framework/Versions/A/SpeechRecognition
0x0000000005951000 	/usr/lib/libauto.dylib
0x0000000005951000 	/usr/lib/libicucore.A.dylib
0x0000000005951000 	/usr/lib/libxml2.2.dylib
0x0000000005951000 	/System/Library/PrivateFrameworks/CoreUI.framework/Versions/A/CoreUI
0x0000000005951000 	/System/Library/Frameworks/CoreAudio.framework/Versions/A/CoreAudio
0x0000000005951000 	/System/Library/Frameworks/DiskArbitration.framework/Versions/A/DiskArbitration
0x0000000005951000 	/usr/lib/liblangid.dylib
0x0000000005951000 	/System/Library/PrivateFrameworks/MultitouchSupport.framework/Versions/A/MultitouchSupport
0x0000000005951000 	/System/Library/Frameworks/IOKit.framework/Versions/A/IOKit
0x0000000005951000 	/usr/lib/libDiagnosticMessagesClient.dylib
0x0000000005951000 	/System/Library/Frameworks/CoreServices.framework/Versions/A/CoreServices
0x0000000005951000 	/System/Library/PrivateFrameworks/PerformanceAnalysis.framework/Versions/A/PerformanceAnalysis
0x0000000005951000 	/System/Library/PrivateFrameworks/GenerationalStorage.framework/Versions/A/GenerationalStorage
0x0000000005951000 	/System/Library/Frameworks/OpenGL.framework/Versions/A/OpenGL
0x0000000005951000 	/System/Library/PrivateFrameworks/Sharing.framework/Versions/A/Sharing
0x0000000005951000 	/System/Library/Frameworks/ImageIO.framework/Versions/A/ImageIO
0x0000000005951000 	/System/Library/Frameworks/CoreText.framework/Versions/A/CoreText
0x0000000005951000 	/System/Library/Frameworks/CoreGraphics.framework/Versions/A/CoreGraphics
0x0000000005951000 	/System/Library/PrivateFrameworks/Backup.framework/Versions/A/Backup
0x0000000005951000 	/System/Library/Frameworks/CFNetwork.framework/Versions/A/CFNetwork
0x0000000005951000 	/System/Library/Frameworks/SystemConfiguration.framework/Versions/A/SystemConfiguration
0x0000000005951000 	/usr/lib/libCRFSuite.dylib
0x0000000005951000 	/usr/lib/libc++.1.dylib
0x0000000005951000 	/usr/lib/libc++abi.dylib
0x0000000005951000 	/usr/lib/system/libcache.dylib
0x0000000005951000 	/usr/lib/system/libcommonCrypto.dylib
0x0000000005951000 	/usr/lib/system/libcompiler_rt.dylib
0x0000000005951000 	/usr/lib/system/libcopyfile.dylib
0x0000000005951000 	/usr/lib/system/libcorecrypto.dylib
0x0000000005951000 	/usr/lib/system/libdispatch.dylib
0x0000000005951000 	/usr/lib/system/libdyld.dylib
0x0000000005951000 	/usr/lib/system/libkeymgr.dylib
0x0000000005951000 	/usr/lib/system/liblaunch.dylib
0x0000000005951000 	/usr/lib/system/libmacho.dylib
0x0000000005951000 	/usr/lib/system/libquarantine.dylib
0x0000000005951000 	/usr/lib/system/libremovefile.dylib
0x0000000005951000 	/usr/lib/system/libsystem_asl.dylib
0x0000000005951000 	/usr/lib/system/libsystem_blocks.dylib
0x0000000005951000 	/usr/lib/system/libsystem_c.dylib
0x0000000005951000 	/usr/lib/system/libsystem_configuration.dylib
0x0000000005951000 	/usr/lib/system/libsystem_dnssd.dylib
0x0000000005951000 	/usr/lib/system/libsystem_info.dylib
0x0000000005951000 	/usr/lib/system/libsystem_kernel.dylib
0x0000000005951000 	/usr/lib/system/libsystem_m.dylib
0x0000000005951000 	/usr/lib/system/libsystem_malloc.dylib
0x0000000005951000 	/usr/lib/system/libsystem_network.dylib
0x0000000005951000 	/usr/lib/system/libsystem_notify.dylib
0x0000000005951000 	/usr/lib/system/libsystem_platform.dylib
0x0000000005951000 	/usr/lib/system/libsystem_pthread.dylib
0x0000000005951000 	/usr/lib/system/libsystem_sandbox.dylib
0x0000000005951000 	/usr/lib/system/libsystem_stats.dylib
0x0000000005951000 	/usr/lib/system/libunc.dylib
0x0000000005951000 	/usr/lib/system/libunwind.dylib
0x0000000005951000 	/usr/lib/system/libxpc.dylib
0x0000000005951000 	/usr/lib/libbsm.0.dylib
0x0000000005951000 	/usr/lib/libsqlite3.dylib
0x0000000005951000 	/usr/lib/libxar.1.dylib
0x0000000005951000 	/usr/lib/libpam.2.dylib
0x0000000005951000 	/usr/lib/libOpenScriptingUtil.dylib
0x0000000005951000 	/usr/lib/libbz2.1.0.dylib
0x0000000005951000 	/System/Library/Frameworks/CoreServices.framework/Versions/A/Frameworks/CarbonCore.framework/Versions/A/CarbonCore
0x0000000005951000 	/System/Library/Frameworks/CoreServices.framework/Versions/A/Frameworks/Metadata.framework/Versions/A/Metadata
0x0000000005951000 	/System/Library/Frameworks/CoreServices.framework/Versions/A/Frameworks/OSServices.framework/Versions/A/OSServices
0x0000000005951000 	/System/Library/Frameworks/CoreServices.framework/Versions/A/Frameworks/SearchKit.framework/Versions/A/SearchKit
0x0000000005951000 	/System/Library/Frameworks/CoreServices.framework/Versions/A/Frameworks/AE.framework/Versions/A/AE
0x0000000005951000 	/System/Library/Frameworks/CoreServices.framework/Versions/A/Frameworks/LaunchServices.framework/Versions/A/LaunchServices
0x0000000005951000 	/System/Library/Frameworks/CoreServices.framework/Versions/A/Frameworks/DictionaryServices.framework/Versions/A/DictionaryServices
0x0000000005951000 	/System/Library/Frameworks/NetFS.framework/Versions/A/NetFS
0x0000000005951000 	/usr/lib/system/libkxld.dylib
0x0000000005951000 	/System/Library/PrivateFrameworks/NetAuth.framework/Versions/A/NetAuth
0x0000000005951000 	/System/Library/PrivateFrameworks/TCC.framework/Versions/A/TCC
0x0000000005951000 	/System/Library/Frameworks/OpenDirectory.framework/Versions/A/Frameworks/CFOpenDirectory.framework/Versions/A/CFOpenDirectory
0x0000000005951000 	/System/Library/Frameworks/ServiceManagement.framework/Versions/A/ServiceManagement
0x0000000005951000 	/usr/lib/libxslt.1.dylib
0x0000000005951000 	/System/Library/Frameworks/Carbon.framework/Versions/A/Frameworks/Ink.framework/Versions/A/Ink
0x0000000005951000 	/System/Library/Frameworks/ApplicationServices.framework/Versions/A/Frameworks/ATS.framework/Versions/A/ATS
0x0000000005951000 	/System/Library/Frameworks/ApplicationServices.framework/Versions/A/Frameworks/ColorSync.framework/Versions/A/ColorSync
0x0000000005951000 	/System/Library/Frameworks/ApplicationServices.framework/Versions/A/Frameworks/HIServices.framework/Versions/A/HIServices
0x0000000005951000 	/System/Library/Frameworks/ApplicationServices.framework/Versions/A/Frameworks/LangAnalysis.framework/Versions/A/LangAnalysis
0x0000000005951000 	/System/Library/Frameworks/ApplicationServices.framework/Versions/A/Frameworks/PrintCore.framework/Versions/A/PrintCore
0x0000000005951000 	/System/Library/Frameworks/ApplicationServices.framework/Versions/A/Frameworks/QD.framework/Versions/A/QD
0x0000000005951000 	/System/Library/Frameworks/ApplicationServices.framework/Versions/A/Frameworks/SpeechSynthesis.framework/Versions/A/SpeechSynthesis
0x0000000005951000 	/System/Library/Frameworks/IOSurface.framework/Versions/A/IOSurface
0x0000000005951000 	/System/Library/Frameworks/Accelerate.framework/Versions/A/Accelerate
0x0000000005951000 	/System/Library/Frameworks/Accelerate.framework/Versions/A/Frameworks/vImage.framework/Versions/A/vImage
0x0000000005951000 	/System/Library/Frameworks/Accelerate.framework/Versions/A/Frameworks/vecLib.framework/Versions/A/vecLib
0x0000000005951000 	/System/Library/Frameworks/Accelerate.framework/Versions/A/Frameworks/vecLib.framework/Versions/A/libvDSP.dylib
0x0000000005951000 	/System/Library/Frameworks/Accelerate.framework/Versions/A/Frameworks/vecLib.framework/Versions/A/libvMisc.dylib
0x0000000005951000 	/System/Library/Frameworks/Accelerate.framework/Versions/A/Frameworks/vecLib.framework/Versions/A/libLAPACK.dylib
0x0000000005951000 	/System/Library/Frameworks/Accelerate.framework/Versions/A/Frameworks/vecLib.framework/Versions/A/libBLAS.dylib
0x0000000005951000 	/System/Library/Frameworks/ApplicationServices.framework/Versions/A/Frameworks/ATS.framework/Versions/A/Resources/libFontParser.dylib
0x0000000005951000 	/System/Library/Frameworks/ApplicationServices.framework/Versions/A/Frameworks/ATS.framework/Versions/A/Resources/libFontRegistry.dylib
0x0000000005951000 	/System/Library/Frameworks/ImageIO.framework/Versions/A/Resources/libJPEG.dylib
0x0000000005951000 	/System/Library/Frameworks/ImageIO.framework/Versions/A/Resources/libTIFF.dylib
0x0000000005951000 	/System/Library/Frameworks/ImageIO.framework/Versions/A/Resources/libPng.dylib
0x0000000005951000 	/System/Library/Frameworks/ImageIO.framework/Versions/A/Resources/libGIF.dylib
0x0000000005951000 	/System/Library/Frameworks/ImageIO.framework/Versions/A/Resources/libJP2.dylib
0x0000000005951000 	/System/Library/Frameworks/ImageIO.framework/Versions/A/Resources/libRadiance.dylib
0x0000000005951000 	/usr/lib/libcups.2.dylib
0x0000000005951000 	/System/Library/Frameworks/Kerberos.framework/Versions/A/Kerberos
0x0000000005951000 	/System/Library/Frameworks/GSS.framework/Versions/A/GSS
0x0000000005951000 	/usr/lib/libresolv.9.dylib
0x0000000005951000 	/usr/lib/libiconv.2.dylib
0x0000000005951000 	/System/Library/PrivateFrameworks/Heimdal.framework/Versions/A/Heimdal
0x0000000005951000 	/System/Library/PrivateFrameworks/TrustEvaluationAgent.framework/Versions/A/TrustEvaluationAgent
0x0000000005951000 	/usr/lib/libheimdal-asn1.dylib
0x0000000005951000 	/System/Library/Frameworks/OpenDirectory.framework/Versions/A/OpenDirectory
0x0000000005951000 	/System/Library/PrivateFrameworks/CommonAuth.framework/Versions/A/CommonAuth
0x0000000005951000 	/System/Library/Frameworks/SecurityFoundation.framework/Versions/A/SecurityFoundation
0x0000000005951000 	/System/Library/PrivateFrameworks/Bom.framework/Versions/A/Bom
0x0000000005951000 	/System/Library/Frameworks/CoreVideo.framework/Versions/A/CoreVideo
0x0000000005951000 	/System/Library/Frameworks/QuartzCore.framework/Versions/A/Frameworks/CoreImage.framework/Versions/A/CoreImage
0x0000000005951000 	/System/Library/Frameworks/QuartzCore.framework/Versions/A/Frameworks/ScalableUserInterface.framework/Versions/A/ScalableUserInterface
0x0000000005951000 	/System/Library/Frameworks/OpenGL.framework/Versions/A/Libraries/libGLU.dylib
0x0000000005951000 	/System/Library/Frameworks/OpenGL.framework/Versions/A/Libraries/libGFXShared.dylib
0x0000000005951000 	/System/Library/Frameworks/OpenGL.framework/Versions/A/Libraries/libGL.dylib
0x0000000005951000 	/System/Library/Frameworks/OpenGL.framework/Versions/A/Libraries/libGLImage.dylib
0x0000000005951000 	/System/Library/Frameworks/OpenGL.framework/Versions/A/Libraries/libCVMSPluginSupport.dylib
0x0000000005951000 	/System/Library/Frameworks/OpenGL.framework/Versions/A/Libraries/libCoreVMClient.dylib
0x0000000005951000 	/System/Library/PrivateFrameworks/FaceCore.framework/Versions/A/FaceCore
0x0000000005951000 	/System/Library/PrivateFrameworks/CrashReporterSupport.framework/Versions/A/CrashReporterSupport
0x0000000005951000 	/System/Library/Frameworks/OpenCL.framework/Versions/A/OpenCL
0x0000000005951000 	/System/Library/PrivateFrameworks/AppleFSCompression.framework/Versions/A/AppleFSCompression
0x0000000005951000 	/System/Library/PrivateFrameworks/Ubiquity.framework/Versions/A/Ubiquity
0x0000000005951000 	/System/Library/PrivateFrameworks/IconServices.framework/Versions/A/IconServices
0x0000000005951000 	/System/Library/PrivateFrameworks/ChunkingLibrary.framework/Versions/A/ChunkingLibrary
0x0000000005951000 	/System/Library/PrivateFrameworks/CoreSymbolication.framework/Versions/A/CoreSymbolication
0x0000000005951000 	/System/Library/PrivateFrameworks/Symbolication.framework/Versions/A/Symbolication
0x0000000005951000 	/System/Library/PrivateFrameworks/DebugSymbols.framework/Versions/A/DebugSymbols
0x000000010390a000 	/Library/Java/JavaVirtualMachines/jdk1.8.0_11.jdk/Contents/Home/jre/lib/server/libjvm.dylib
0x0000000005951000 	/usr/lib/libstdc++.6.dylib
0x00000001047e1000 	/Library/Java/JavaVirtualMachines/jdk1.8.0_11.jdk/Contents/Home/jre/lib/libverify.dylib
0x0000000105103000 	/Library/Java/JavaVirtualMachines/jdk1.8.0_11.jdk/Contents/Home/jre/lib/libjava.dylib
0x0000000105137000 	/Library/Java/JavaVirtualMachines/jdk1.8.0_11.jdk/Contents/Home/jre/lib/libzip.dylib
0x0000000118c4b000 	/System/Library/Frameworks/JavaVM.framework/Frameworks/JavaRuntimeSupport.framework/JavaRuntimeSupport
0x0000000118c63000 	/System/Library/Frameworks/JavaVM.framework/Versions/A/Frameworks/JavaNativeFoundation.framework/Versions/A/JavaNativeFoundation
0x0000000118c78000 	/System/Library/Frameworks/JavaVM.framework/Versions/A/JavaVM
0x0000000005951000 	/System/Library/Frameworks/Carbon.framework/Versions/A/Carbon
0x0000000118c85000 	/System/Library/PrivateFrameworks/JavaLaunching.framework/Versions/A/JavaLaunching
0x0000000005951000 	/System/Library/Frameworks/Carbon.framework/Versions/A/Frameworks/CommonPanels.framework/Versions/A/CommonPanels
0x0000000005951000 	/System/Library/Frameworks/Carbon.framework/Versions/A/Frameworks/Help.framework/Versions/A/Help
0x0000000005951000 	/System/Library/Frameworks/Carbon.framework/Versions/A/Frameworks/ImageCapture.framework/Versions/A/ImageCapture
0x0000000005951000 	/System/Library/Frameworks/Carbon.framework/Versions/A/Frameworks/OpenScripting.framework/Versions/A/OpenScripting
0x0000000005951000 	/System/Library/Frameworks/Carbon.framework/Versions/A/Frameworks/Print.framework/Versions/A/Print
0x0000000005951000 	/System/Library/Frameworks/Carbon.framework/Versions/A/Frameworks/SecurityHI.framework/Versions/A/SecurityHI
0x000000011941d000 	/private/var/folders/3w/61fhf5pd3d79k2f22hhcc7jw0000gn/T/libgdxzfervent/92bf976d/libgdx.dylib
0x0000000119481000 	/Library/Java/JavaVirtualMachines/jdk1.8.0_11.jdk/Contents/Home/jre/lib/libawt.dylib
0x0000000119530000 	/Library/Java/JavaVirtualMachines/jdk1.8.0_11.jdk/Contents/Home/jre/lib/./libmlib_image.dylib
0x00000001195fc000 	/Library/Java/JavaVirtualMachines/jdk1.8.0_11.jdk/Contents/Home/jre/lib/libawt_lwawt.dylib
0x00000001196ae000 	/Library/Java/JavaVirtualMachines/jdk1.8.0_11.jdk/Contents/Home/jre/lib/./libosxapp.dylib
0x0000000005951000 	/System/Library/Frameworks/ExceptionHandling.framework/Versions/A/ExceptionHandling
0x0000000005951000 	/System/Library/PrivateFrameworks/CoreServicesInternal.framework/Versions/A/CoreServicesInternal
0x0000000005951000 	/System/Library/PrivateFrameworks/Librarian.framework/Versions/A/Librarian
0x0000000005951000 	/System/Library/Frameworks/CoreGraphics.framework/Versions/A/Resources/libCGCMS.A.dylib
0x0000000005951000 	/System/Library/Frameworks/CoreGraphics.framework/Versions/A/Resources/libRIP.A.dylib
0x0000000005951000 	/System/Library/Frameworks/CoreGraphics.framework/Versions/A/Resources/libCGXType.A.dylib
0x0000000005951000 	/System/Library/PrivateFrameworks/FamilyControls.framework/Versions/A/FamilyControls
0x0000000005951000 	/System/Library/PrivateFrameworks/CommerceKit.framework/Versions/A/Frameworks/CommerceCore.framework/Versions/A/CommerceCore
0x0000000005951000 	/System/Library/PrivateFrameworks/SystemAdministration.framework/Versions/A/SystemAdministration
0x0000000005951000 	/System/Library/Frameworks/DirectoryService.framework/Versions/A/DirectoryService
0x0000000005951000 	/System/Library/PrivateFrameworks/DiskImages.framework/Versions/A/DiskImages
0x0000000005951000 	/System/Library/PrivateFrameworks/LoginUIKit.framework/Versions/A/Frameworks/LoginUICore.framework/Versions/A/LoginUICore
0x0000000005951000 	/usr/lib/libCoreStorage.dylib
0x0000000005951000 	/usr/lib/libcsfde.dylib
0x0000000005951000 	/usr/lib/libodfde.dylib
0x0000000005951000 	/System/Library/Frameworks/DiscRecording.framework/Versions/A/DiscRecording
0x0000000005951000 	/usr/lib/libcurl.4.dylib
0x0000000005951000 	/System/Library/PrivateFrameworks/MediaKit.framework/Versions/A/MediaKit
0x0000000005951000 	/System/Library/PrivateFrameworks/EFILogin.framework/Versions/A/EFILogin
0x0000000005951000 	/usr/lib/libutil.dylib
0x0000000005951000 	/System/Library/PrivateFrameworks/AOSNotification.framework/Versions/A/AOSNotification
0x0000000005951000 	/System/Library/Frameworks/LDAP.framework/Versions/A/LDAP
0x0000000005951000 	/usr/lib/libsasl2.2.dylib
0x0000000005951000 	/usr/lib/libcrypto.0.9.8.dylib
0x0000000005951000 	/usr/lib/libssl.0.9.8.dylib
0x000000011d836000 	/Library/Java/JavaVirtualMachines/jdk1.8.0_11.jdk/Contents/Home/jre/lib/libfontmanager.dylib
0x000000011d89c000 	/private/var/folders/3w/61fhf5pd3d79k2f22hhcc7jw0000gn/T/libgdxzfervent/75260a42/liblwjgl.dylib
0x000000011b0be000 	/Library/Java/JavaVirtualMachines/jdk1.8.0_11.jdk/Contents/Home/jre/lib/libjawt.dylib
0x000000011d91b000 	/var/folders/3w/61fhf5pd3d79k2f22hhcc7jw0000gn/T/libgdxzfervent/75260a42/openal.dylib
0x000000011d977000 	/System/Library/Components/CoreAudio.component/Contents/MacOS/CoreAudio
0x000000011b0e9000 	/System/Library/Extensions/AppleHDA.kext/Contents/PlugIns/AppleHDAHALPlugIn.bundle/Contents/MacOS/AppleHDAHALPlugIn
0x0000000005951000 	/System/Library/Frameworks/OpenGL.framework/Versions/A/Resources/GLEngine.bundle/GLEngine
0x0000000005951000 	/System/Library/Frameworks/OpenGL.framework/Versions/A/Libraries/libGLProgrammability.dylib
0x0000000000000000 	/System/Library/Extensions/AppleIntelHDGraphicsGLDriver.bundle/Contents/MacOS/AppleIntelHDGraphicsGLDriver
0x000000011b0f2000 	/System/Library/PrivateFrameworks/GPUSupport.framework/Versions/A/Libraries/libGPUSupport.dylib
0x0000000000000000 	/System/Library/Extensions/GeForceTeslaGLDriver.bundle/Contents/MacOS/GeForceTeslaGLDriver
0x000000011dd79000 	/System/Library/Extensions/GeForceTeslaGLDriver.bundle/Contents/MacOS/libclh.dylib
0x0000000005951000 	/System/Library/Frameworks/OpenGL.framework/Versions/A/Resources/GLRendererFloat.bundle/GLRendererFloat
0x0000000005951000 	/System/Library/Frameworks/OpenCL.framework/Versions/A/Libraries/libcldcpuengine.dylib

VM Arguments:
jvm_args: -Dfile.encoding=UTF-8 
java_command: com.kilobolt.ZombieBird.Main
java_class_path (initial): /Users/zfervent/Documents/workspace/libgdx/ZombieBird/ZombieBird-desktop/bin:/Users/zfervent/Documents/workspace/libgdx/ZombieBird/ZombieBird/bin:/Users/zfervent/Documents/workspace/libgdx/ZombieBird/ZombieBird/libs/gdx.jar:/Users/zfervent/Documents/workspace/libgdx/ZombieBird/ZombieBird/libs/tween-engine-api.jar:/Users/zfervent/Documents/workspace/libgdx/ZombieBird/ZombieBird-desktop/libs/gdx-backend-lwjgl-natives.jar:/Users/zfervent/Documents/workspace/libgdx/ZombieBird/ZombieBird-desktop/libs/gdx-backend-lwjgl.jar:/Users/zfervent/Documents/workspace/libgdx/ZombieBird/ZombieBird-desktop/libs/gdx-natives.jar
Launcher Type: SUN_STANDARD

Environment Variables:
PATH=/usr/bin:/bin:/usr/sbin:/sbin
SHELL=/bin/bash
DISPLAY=/tmp/launch-HnO3hz/org.macosforge.xquartz:0

Signal Handlers:
SIGSEGV: [libjvm.dylib+0x56059b], sa_mask[0]=0xfffefeff, sa_flags=0x00000043
SIGBUS: [libjvm.dylib+0x56059b], sa_mask[0]=0xfffefeff, sa_flags=0x00000042
SIGFPE: [libjvm.dylib+0x4438f2], sa_mask[0]=0xfffefeff, sa_flags=0x00000042
SIGPIPE: [libjvm.dylib+0x4438f2], sa_mask[0]=0xfffefeff, sa_flags=0x00000042
SIGXFSZ: [libjvm.dylib+0x4438f2], sa_mask[0]=0xfffefeff, sa_flags=0x00000042
SIGILL: [libjvm.dylib+0x4438f2], sa_mask[0]=0xfffefeff, sa_flags=0x00000042
SIGUSR1: SIG_DFL, sa_mask[0]=0x00000000, sa_flags=0x00000002
SIGUSR2: [libjvm.dylib+0x443410], sa_mask[0]=0x00000004, sa_flags=0x00000042
SIGHUP: [libjvm.dylib+0x44179b], sa_mask[0]=0xfffefeff, sa_flags=0x00000042
SIGINT: [libjvm.dylib+0x44179b], sa_mask[0]=0xfffefeff, sa_flags=0x00000042
SIGTERM: [libjvm.dylib+0x44179b], sa_mask[0]=0xfffefeff, sa_flags=0x00000042
SIGQUIT: [libjvm.dylib+0x44179b], sa_mask[0]=0xfffefeff, sa_flags=0x00000042


---------------  S Y S T E M  ---------------

OS:Bsduname:Darwin 13.4.0 Darwin Kernel Version 13.4.0: Sun Aug 17 19:50:11 PDT 2014; root:xnu-2422.115.4~1/RELEASE_X86_64 x86_64
rlimit: STACK 8192k, CORE 0k, NPROC 709, NOFILE 10240, AS infinity
load average:1.21 3.77 4.33

CPU:total 4 (2 cores per cpu, 2 threads per core) family 6 model 37 stepping 5, cmov, cx8, fxsr, mmx, sse, sse2, sse3, ssse3, sse4.1, sse4.2, popcnt, aes, clmul, ht, tsc, tscinvbit

Memory: 4k page, physical 4194304k(24852k free)

/proc/meminfo:


vm_info: Java HotSpot(TM) 64-Bit Server VM (25.11-b03) for bsd-amd64 JRE (1.8.0_11-b12), built on Jun 16 2014 17:39:42 by "java_re" with gcc 4.2.1 (Based on Apple Inc. build 5658) (LLVM build 2336.11.00)

time: Thu Oct  9 18:27:16 2014
elapsed time: 0 seconds

